#! /c/Source/iverilog-install/bin/vvp
:ivl_version "12.0 (devel)" "(s20150603-1539-g2693dd32b)";
:ivl_delay_selection "TYPICAL";
:vpi_time_precision + 0;
:vpi_module "C:\iverilog\lib\ivl\system.vpi";
:vpi_module "C:\iverilog\lib\ivl\vhdl_sys.vpi";
:vpi_module "C:\iverilog\lib\ivl\vhdl_textio.vpi";
:vpi_module "C:\iverilog\lib\ivl\v2005_math.vpi";
:vpi_module "C:\iverilog\lib\ivl\va_math.vpi";
S_0000024abb5b07f0 .scope module, "tb_adder4" "tb_adder4" 2 1;
 .timescale 0 0;
v0000024abb6079a0_0 .var "a", 3 0;
v0000024abb607c20_0 .var "b", 3 0;
v0000024abb606be0_0 .var "cin", 0 0;
v0000024abb606c80_0 .net "cout", 0 0, L_0000024abb607d60;  1 drivers
v0000024abb607cc0_0 .net "sum", 3 0, L_0000024abb6066e0;  1 drivers
S_0000024abb5b0980 .scope task, "apply_and_show" "apply_and_show" 2 16, 2 16 0, S_0000024abb5b07f0;
 .timescale 0 0;
v0000024abb59f8b0_0 .var "aa", 3 0;
v0000024abb5a02b0_0 .var "bb", 3 0;
v0000024abb5a0210_0 .var "cc", 0 0;
TD_tb_adder4.apply_and_show ;
    %load/vec4 v0000024abb59f8b0_0;
    %store/vec4 v0000024abb6079a0_0, 0, 4;
    %load/vec4 v0000024abb5a02b0_0;
    %store/vec4 v0000024abb607c20_0, 0, 4;
    %load/vec4 v0000024abb5a0210_0;
    %store/vec4 v0000024abb606be0_0, 0, 1;
    %delay 50, 0;
    %vpi_call 2 26 "$display", "%4t   %b   %b  %b  |   %b    %b", $time, v0000024abb606be0_0, v0000024abb6079a0_0, v0000024abb607c20_0, v0000024abb606c80_0, v0000024abb607cc0_0 {0 0 0};
    %end;
S_0000024abb5a8c90 .scope module, "dut" "adder4" 2 8, 3 1 0, S_0000024abb5b07f0;
 .timescale 0 0;
    .port_info 0 /INPUT 4 "a";
    .port_info 1 /INPUT 4 "b";
    .port_info 2 /INPUT 1 "cin";
    .port_info 3 /OUTPUT 4 "sum";
    .port_info 4 /OUTPUT 1 "cout";
L_0000024abb5a3d70 .functor BUFZ 1, v0000024abb606be0_0, C4<0>, C4<0>, C4<0>;
v0000024abb607a40_0 .net *"_ivl_3", 0 0, L_0000024abb5a3d70;  1 drivers
v0000024abb6077c0_0 .net "a", 3 0, v0000024abb6079a0_0;  1 drivers
v0000024abb607220_0 .net "b", 3 0, v0000024abb607c20_0;  1 drivers
v0000024abb606820_0 .net "c", 4 0, L_0000024abb606e60;  1 drivers
v0000024abb607ae0_0 .net "cin", 0 0, v0000024abb606be0_0;  1 drivers
v0000024abb607900_0 .net "cout", 0 0, L_0000024abb607d60;  alias, 1 drivers
v0000024abb607860_0 .net "sum", 3 0, L_0000024abb6066e0;  alias, 1 drivers
L_0000024abb607d60 .part L_0000024abb606e60, 4, 1;
L_0000024abb607fe0 .part v0000024abb6079a0_0, 0, 1;
L_0000024abb607e00 .part v0000024abb607c20_0, 0, 1;
L_0000024abb608080 .part L_0000024abb606e60, 0, 1;
L_0000024abb6068c0 .part v0000024abb6079a0_0, 1, 1;
L_0000024abb606320 .part v0000024abb607c20_0, 1, 1;
L_0000024abb6063c0 .part L_0000024abb606e60, 1, 1;
L_0000024abb606460 .part v0000024abb6079a0_0, 2, 1;
L_0000024abb606d20 .part v0000024abb607c20_0, 2, 1;
L_0000024abb606500 .part L_0000024abb606e60, 2, 1;
L_0000024abb6065a0 .part v0000024abb6079a0_0, 3, 1;
L_0000024abb606640 .part v0000024abb607c20_0, 3, 1;
L_0000024abb606b40 .part L_0000024abb606e60, 3, 1;
L_0000024abb6066e0 .concat8 [ 1 1 1 1], v0000024abb5a0170_0, v0000024abb607ea0_0, v0000024abb606280_0, v0000024abb607f40_0;
LS_0000024abb606e60_0_0 .concat8 [ 1 1 1 1], L_0000024abb5a3d70, v0000024abb5a00d0_0, v0000024abb608120_0, v0000024abb6072c0_0;
LS_0000024abb606e60_0_4 .concat8 [ 1 0 0 0], v0000024abb607720_0;
L_0000024abb606e60 .concat8 [ 4 1 0 0], LS_0000024abb606e60_0_0, LS_0000024abb606e60_0_4;
S_0000024abb5a8e20 .scope module, "fa0" "fullAdder" 3 12, 4 2 0, S_0000024abb5a8c90;
 .timescale 0 0;
    .port_info 0 /INPUT 1 "a";
    .port_info 1 /INPUT 1 "b";
    .port_info 2 /INPUT 1 "cin";
    .port_info 3 /OUTPUT 1 "sum";
    .port_info 4 /OUTPUT 1 "cout";
v0000024abb59fdb0_0 .var *"_ivl_0", 0 0; Local signal
v0000024abb59fef0_0 .var *"_ivl_1", 0 0; Local signal
v0000024abb5a0530_0 .net "a", 0 0, L_0000024abb607fe0;  1 drivers
v0000024abb59ff90_0 .net "b", 0 0, L_0000024abb607e00;  1 drivers
v0000024abb5a0030_0 .net "cin", 0 0, L_0000024abb608080;  1 drivers
v0000024abb5a00d0_0 .var "cout", 0 0;
v0000024abb5a0170_0 .var "sum", 0 0;
E_0000024abb5b1b20 .event anyedge, v0000024abb5a0030_0, v0000024abb59ff90_0, v0000024abb5a0530_0;
S_0000024abb55db40 .scope module, "fa1" "fullAdder" 3 13, 4 2 0, S_0000024abb5a8c90;
 .timescale 0 0;
    .port_info 0 /INPUT 1 "a";
    .port_info 1 /INPUT 1 "b";
    .port_info 2 /INPUT 1 "cin";
    .port_info 3 /OUTPUT 1 "sum";
    .port_info 4 /OUTPUT 1 "cout";
v0000024abb59f6d0_0 .var *"_ivl_0", 0 0; Local signal
v0000024abb59f770_0 .var *"_ivl_1", 0 0; Local signal
v0000024abb59f810_0 .net "a", 0 0, L_0000024abb6068c0;  1 drivers
v0000024abb607b80_0 .net "b", 0 0, L_0000024abb606320;  1 drivers
v0000024abb606dc0_0 .net "cin", 0 0, L_0000024abb6063c0;  1 drivers
v0000024abb608120_0 .var "cout", 0 0;
v0000024abb607ea0_0 .var "sum", 0 0;
E_0000024abb5b1420 .event anyedge, v0000024abb606dc0_0, v0000024abb607b80_0, v0000024abb59f810_0;
S_0000024abb55dcd0 .scope module, "fa2" "fullAdder" 3 14, 4 2 0, S_0000024abb5a8c90;
 .timescale 0 0;
    .port_info 0 /INPUT 1 "a";
    .port_info 1 /INPUT 1 "b";
    .port_info 2 /INPUT 1 "cin";
    .port_info 3 /OUTPUT 1 "sum";
    .port_info 4 /OUTPUT 1 "cout";
v0000024abb607040_0 .var *"_ivl_0", 0 0; Local signal
v0000024abb6075e0_0 .var *"_ivl_1", 0 0; Local signal
v0000024abb6070e0_0 .net "a", 0 0, L_0000024abb606460;  1 drivers
v0000024abb607400_0 .net "b", 0 0, L_0000024abb606d20;  1 drivers
v0000024abb606aa0_0 .net "cin", 0 0, L_0000024abb606500;  1 drivers
v0000024abb6072c0_0 .var "cout", 0 0;
v0000024abb606280_0 .var "sum", 0 0;
E_0000024abb5b1460 .event anyedge, v0000024abb606aa0_0, v0000024abb607400_0, v0000024abb6070e0_0;
S_0000024abb572a40 .scope module, "fa3" "fullAdder" 3 15, 4 2 0, S_0000024abb5a8c90;
 .timescale 0 0;
    .port_info 0 /INPUT 1 "a";
    .port_info 1 /INPUT 1 "b";
    .port_info 2 /INPUT 1 "cin";
    .port_info 3 /OUTPUT 1 "sum";
    .port_info 4 /OUTPUT 1 "cout";
v0000024abb607360_0 .var *"_ivl_0", 0 0; Local signal
v0000024abb6074a0_0 .var *"_ivl_1", 0 0; Local signal
v0000024abb607540_0 .net "a", 0 0, L_0000024abb6065a0;  1 drivers
v0000024abb607180_0 .net "b", 0 0, L_0000024abb606640;  1 drivers
v0000024abb607680_0 .net "cin", 0 0, L_0000024abb606b40;  1 drivers
v0000024abb607720_0 .var "cout", 0 0;
v0000024abb607f40_0 .var "sum", 0 0;
E_0000024abb5b12a0 .event anyedge, v0000024abb607680_0, v0000024abb607180_0, v0000024abb607540_0;
    .scope S_0000024abb5a8e20;
T_1 ;
    %wait E_0000024abb5b1b20;
    %load/vec4 v0000024abb5a0530_0;
    %load/vec4 v0000024abb59ff90_0;
    %xor;
    %load/vec4 v0000024abb5a0030_0;
    %xor;
    %store/vec4 v0000024abb59fdb0_0, 0, 1;
    %pushi/vec4 2, 0, 64;
    %ix/vec4 4;
    %delayx 4;
    %load/vec4 v0000024abb59fdb0_0;
    %store/vec4 v0000024abb5a0170_0, 0, 1;
    %load/vec4 v0000024abb5a0530_0;
    %load/vec4 v0000024abb59ff90_0;
    %and;
    %load/vec4 v0000024abb5a0530_0;
    %load/vec4 v0000024abb5a0030_0;
    %and;
    %or;
    %load/vec4 v0000024abb59ff90_0;
    %load/vec4 v0000024abb5a0030_0;
    %and;
    %or;
    %store/vec4 v0000024abb59fef0_0, 0, 1;
    %pushi/vec4 2, 0, 64;
    %ix/vec4 4;
    %delayx 4;
    %load/vec4 v0000024abb59fef0_0;
    %store/vec4 v0000024abb5a00d0_0, 0, 1;
    %jmp T_1;
    .thread T_1, $push;
    .scope S_0000024abb55db40;
T_2 ;
    %wait E_0000024abb5b1420;
    %load/vec4 v0000024abb59f810_0;
    %load/vec4 v0000024abb607b80_0;
    %xor;
    %load/vec4 v0000024abb606dc0_0;
    %xor;
    %store/vec4 v0000024abb59f6d0_0, 0, 1;
    %pushi/vec4 2, 0, 64;
    %ix/vec4 4;
    %delayx 4;
    %load/vec4 v0000024abb59f6d0_0;
    %store/vec4 v0000024abb607ea0_0, 0, 1;
    %load/vec4 v0000024abb59f810_0;
    %load/vec4 v0000024abb607b80_0;
    %and;
    %load/vec4 v0000024abb59f810_0;
    %load/vec4 v0000024abb606dc0_0;
    %and;
    %or;
    %load/vec4 v0000024abb607b80_0;
    %load/vec4 v0000024abb606dc0_0;
    %and;
    %or;
    %store/vec4 v0000024abb59f770_0, 0, 1;
    %pushi/vec4 2, 0, 64;
    %ix/vec4 4;
    %delayx 4;
    %load/vec4 v0000024abb59f770_0;
    %store/vec4 v0000024abb608120_0, 0, 1;
    %jmp T_2;
    .thread T_2, $push;
    .scope S_0000024abb55dcd0;
T_3 ;
    %wait E_0000024abb5b1460;
    %load/vec4 v0000024abb6070e0_0;
    %load/vec4 v0000024abb607400_0;
    %xor;
    %load/vec4 v0000024abb606aa0_0;
    %xor;
    %store/vec4 v0000024abb607040_0, 0, 1;
    %pushi/vec4 2, 0, 64;
    %ix/vec4 4;
    %delayx 4;
    %load/vec4 v0000024abb607040_0;
    %store/vec4 v0000024abb606280_0, 0, 1;
    %load/vec4 v0000024abb6070e0_0;
    %load/vec4 v0000024abb607400_0;
    %and;
    %load/vec4 v0000024abb6070e0_0;
    %load/vec4 v0000024abb606aa0_0;
    %and;
    %or;
    %load/vec4 v0000024abb607400_0;
    %load/vec4 v0000024abb606aa0_0;
    %and;
    %or;
    %store/vec4 v0000024abb6075e0_0, 0, 1;
    %pushi/vec4 2, 0, 64;
    %ix/vec4 4;
    %delayx 4;
    %load/vec4 v0000024abb6075e0_0;
    %store/vec4 v0000024abb6072c0_0, 0, 1;
    %jmp T_3;
    .thread T_3, $push;
    .scope S_0000024abb572a40;
T_4 ;
    %wait E_0000024abb5b12a0;
    %load/vec4 v0000024abb607540_0;
    %load/vec4 v0000024abb607180_0;
    %xor;
    %load/vec4 v0000024abb607680_0;
    %xor;
    %store/vec4 v0000024abb607360_0, 0, 1;
    %pushi/vec4 2, 0, 64;
    %ix/vec4 4;
    %delayx 4;
    %load/vec4 v0000024abb607360_0;
    %store/vec4 v0000024abb607f40_0, 0, 1;
    %load/vec4 v0000024abb607540_0;
    %load/vec4 v0000024abb607180_0;
    %and;
    %load/vec4 v0000024abb607540_0;
    %load/vec4 v0000024abb607680_0;
    %and;
    %or;
    %load/vec4 v0000024abb607180_0;
    %load/vec4 v0000024abb607680_0;
    %and;
    %or;
    %store/vec4 v0000024abb6074a0_0, 0, 1;
    %pushi/vec4 2, 0, 64;
    %ix/vec4 4;
    %delayx 4;
    %load/vec4 v0000024abb6074a0_0;
    %store/vec4 v0000024abb607720_0, 0, 1;
    %jmp T_4;
    .thread T_4, $push;
    .scope S_0000024abb5b07f0;
T_5 ;
    %vpi_call 2 32 "$display", "time  cin   a     b     | cout  sum" {0 0 0};
    %pushi/vec4 0, 0, 4;
    %store/vec4 v0000024abb59f8b0_0, 0, 4;
    %pushi/vec4 0, 0, 4;
    %store/vec4 v0000024abb5a02b0_0, 0, 4;
    %pushi/vec4 0, 0, 1;
    %store/vec4 v0000024abb5a0210_0, 0, 1;
    %fork TD_tb_adder4.apply_and_show, S_0000024abb5b0980;
    %join;
    %pushi/vec4 3, 0, 4;
    %store/vec4 v0000024abb59f8b0_0, 0, 4;
    %pushi/vec4 5, 0, 4;
    %store/vec4 v0000024abb5a02b0_0, 0, 4;
    %pushi/vec4 0, 0, 1;
    %store/vec4 v0000024abb5a0210_0, 0, 1;
    %fork TD_tb_adder4.apply_and_show, S_0000024abb5b0980;
    %join;
    %pushi/vec4 15, 0, 4;
    %store/vec4 v0000024abb59f8b0_0, 0, 4;
    %pushi/vec4 1, 0, 4;
    %store/vec4 v0000024abb5a02b0_0, 0, 4;
    %pushi/vec4 0, 0, 1;
    %store/vec4 v0000024abb5a0210_0, 0, 1;
    %fork TD_tb_adder4.apply_and_show, S_0000024abb5b0980;
    %join;
    %pushi/vec4 0, 0, 4;
    %store/vec4 v0000024abb59f8b0_0, 0, 4;
    %pushi/vec4 0, 0, 4;
    %store/vec4 v0000024abb5a02b0_0, 0, 4;
    %pushi/vec4 1, 0, 1;
    %store/vec4 v0000024abb5a0210_0, 0, 1;
    %fork TD_tb_adder4.apply_and_show, S_0000024abb5b0980;
    %join;
    %pushi/vec4 9, 0, 4;
    %store/vec4 v0000024abb59f8b0_0, 0, 4;
    %pushi/vec4 6, 0, 4;
    %store/vec4 v0000024abb5a02b0_0, 0, 4;
    %pushi/vec4 1, 0, 1;
    %store/vec4 v0000024abb5a0210_0, 0, 1;
    %fork TD_tb_adder4.apply_and_show, S_0000024abb5b0980;
    %join;
    %vpi_call 2 41 "$finish" {0 0 0};
    %end;
    .thread T_5;
# The file index is used to find the file name in the following table.
:file_names 5;
    "N/A";
    "<interactive>";
    "tb_adder4.v";
    "adder4.v";
    "fullAdder.v";
